<?xml version="1.0" encoding="UTF-8"?>
<testng-results skipped="0" failed="0" total="2" passed="2">
  <reporter-output>
  </reporter-output>
  <suite name="Default suite" duration-ms="24529" started-at="2022-01-25T17:16:16Z" finished-at="2022-01-25T17:16:40Z">
    <groups>
    </groups>
    <test name="Default test" duration-ms="24529" started-at="2022-01-25T17:16:16Z" finished-at="2022-01-25T17:16:40Z">
      <class name="com.crm.orgTest.OrganizationTest">
        <test-method status="PASS" signature="createOrgTest()[pri:0, instance:com.crm.orgTest.OrganizationTest@6bdf28bb]" name="createOrgTest" duration-ms="24502" started-at="2022-01-25T22:46:16Z" finished-at="2022-01-25T22:46:40Z">
          <reporter-output>
          </reporter-output>
        </test-method> <!-- createOrgTest -->
        <test-method status="PASS" signature="modifyOrgTest()[pri:0, instance:com.crm.orgTest.OrganizationTest@6bdf28bb]" name="modifyOrgTest" duration-ms="1" started-at="2022-01-25T22:46:40Z" finished-at="2022-01-25T22:46:40Z">
          <reporter-output>
          </reporter-output>
        </test-method> <!-- modifyOrgTest -->
      </class> <!-- com.crm.orgTest.OrganizationTest -->
    </test> <!-- Default test -->
  </suite> <!-- Default suite -->
</testng-results>
